2019-02-06 13:23:19,653 [Worker-11] INFO  o.e.m.c.i.l.LifecycleMappingFactory - Using org.eclipse.m2e.jdt.JarLifecycleMapping lifecycle mapping for MavenProject: com.example:demo:0.0.1-SNAPSHOT @ D:\demo\demo\pom.xml.
2019-02-06 13:23:21,845 [Worker-11] INFO  o.e.m.j.i.AbstractJavaProjectConfigurator - Adding source folder /demo/src/main/java
2019-02-06 13:23:21,857 [Worker-11] INFO  o.e.m.j.i.AbstractJavaProjectConfigurator - Adding resource folder /demo/src/main/resources
2019-02-06 13:23:21,874 [Worker-11] INFO  o.e.m.j.i.AbstractJavaProjectConfigurator - Adding resource folder /demo/src/main/resources
2019-02-06 13:23:21,887 [Worker-11] INFO  o.e.m.j.i.AbstractJavaProjectConfigurator - Adding source folder /demo/src/test/java
2019-02-06 13:23:22,890 [Worker-11] INFO  o.e.m.c.i.p.ProjectConfigurationManager - Imported and configured 1 project(s) in 6 sec
2019-02-06 13:23:25,336 [Worker-12] INFO  o.e.m.c.i.embedder.EclipseLogger - Using 'UTF-8' encoding to copy filtered resources.
2019-02-06 13:23:25,341 [Worker-12] INFO  o.e.m.c.i.embedder.EclipseLogger - Copying 1 resource
2019-02-06 13:23:25,392 [Worker-12] INFO  o.e.m.c.i.embedder.EclipseLogger - Copying 0 resource
2019-02-06 13:23:25,396 [Worker-12] INFO  o.e.m.c.i.embedder.EclipseLogger - Using 'UTF-8' encoding to copy filtered resources.
2019-02-06 13:23:25,396 [Worker-12] INFO  o.e.m.c.i.embedder.EclipseLogger - skip non existing resourceDirectory D:\demo\demo\src\test\resources
2019-02-06 13:23:49,853 [Worker-3] INFO  o.e.m.c.i.embedder.EclipseLogger - Using 'UTF-8' encoding to copy filtered resources.
2019-02-06 13:23:49,857 [Worker-3] INFO  o.e.m.c.i.embedder.EclipseLogger - Copying 1 resource
2019-02-06 13:23:49,859 [Worker-3] INFO  o.e.m.c.i.embedder.EclipseLogger - Copying 0 resource
2019-02-06 13:23:49,861 [Worker-3] INFO  o.e.m.c.i.embedder.EclipseLogger - Using 'UTF-8' encoding to copy filtered resources.
2019-02-06 13:23:49,862 [Worker-3] INFO  o.e.m.c.i.embedder.EclipseLogger - skip non existing resourceDirectory D:\demo\demo\src\test\resources
2019-02-06 13:24:05,477 [Worker-7] INFO  o.e.m.c.i.embedder.EclipseLogger - Using 'UTF-8' encoding to copy filtered resources.
2019-02-06 13:24:05,478 [Worker-7] INFO  o.e.m.c.i.embedder.EclipseLogger - Copying 1 resource
2019-02-06 13:24:05,480 [Worker-7] INFO  o.e.m.c.i.embedder.EclipseLogger - Copying 0 resource
2019-02-06 13:24:05,482 [Worker-7] INFO  o.e.m.c.i.embedder.EclipseLogger - Using 'UTF-8' encoding to copy filtered resources.
2019-02-06 13:24:05,482 [Worker-7] INFO  o.e.m.c.i.embedder.EclipseLogger - skip non existing resourceDirectory D:\demo\demo\src\test\resources
2019-02-06 13:26:22,468 [Worker-9] INFO  o.e.m.c.i.embedder.EclipseLogger - Using 'UTF-8' encoding to copy filtered resources.
2019-02-06 13:26:22,469 [Worker-9] INFO  o.e.m.c.i.embedder.EclipseLogger - Copying 1 resource
2019-02-06 13:26:22,471 [Worker-9] INFO  o.e.m.c.i.embedder.EclipseLogger - Copying 0 resource
2019-02-06 13:26:22,472 [Worker-9] INFO  o.e.m.c.i.embedder.EclipseLogger - Using 'UTF-8' encoding to copy filtered resources.
2019-02-06 13:26:22,473 [Worker-9] INFO  o.e.m.c.i.embedder.EclipseLogger - skip non existing resourceDirectory D:\demo\demo\src\test\resources
2019-02-06 13:26:26,806 [Worker-15] INFO  o.e.m.c.i.embedder.EclipseLogger - Using 'UTF-8' encoding to copy filtered resources.
2019-02-06 13:26:26,807 [Worker-15] INFO  o.e.m.c.i.embedder.EclipseLogger - Copying 1 resource
2019-02-06 13:26:26,809 [Worker-15] INFO  o.e.m.c.i.embedder.EclipseLogger - Copying 0 resource
2019-02-06 13:26:26,811 [Worker-15] INFO  o.e.m.c.i.embedder.EclipseLogger - Using 'UTF-8' encoding to copy filtered resources.
2019-02-06 13:26:26,811 [Worker-15] INFO  o.e.m.c.i.embedder.EclipseLogger - skip non existing resourceDirectory D:\demo\demo\src\test\resources
2019-02-06 13:28:50,699 [Worker-0] INFO  o.e.m.c.i.embedder.EclipseLogger - Using 'UTF-8' encoding to copy filtered resources.
2019-02-06 13:28:50,699 [Worker-0] INFO  o.e.m.c.i.embedder.EclipseLogger - Copying 1 resource
2019-02-06 13:28:50,738 [Worker-0] INFO  o.e.m.c.i.embedder.EclipseLogger - Copying 0 resource
2019-02-06 13:28:50,745 [Worker-0] INFO  o.e.m.c.i.embedder.EclipseLogger - Using 'UTF-8' encoding to copy filtered resources.
2019-02-06 13:28:50,746 [Worker-0] INFO  o.e.m.c.i.embedder.EclipseLogger - skip non existing resourceDirectory D:\demo\demo\src\test\resources
